Using pre-set license
Built from '2020.3/staging' branch; Version is '2020.3.0f1 (c7b5465681fb) revision 13088070'; Using compiler version '192528614'; Build Type 'Release'
OS: 'Windows 10 Pro; OS build 19042.985; Version 2009; 64bit' Language: 'en' Physical Memory: 16332 MB
BatchMode: 1, IsHumanControllingUs: 0, StartBugReporterOnCrash: 0, Is64bit: 1, IsPro: 0

 COMMAND LINE ARGUMENTS:
D:\Engines\Unity\Editors\2020.3.0f1\Editor\Unity.exe
-adb2
-batchMode
-noUpm
-name
AssetImportWorker0
-projectPath
D:/GameProjects/fractals/Fractals-start
-logFile
Logs/AssetImportWorker0.log
-srvPort
56930
Successfully changed project path to: D:/GameProjects/fractals/Fractals-start
D:/GameProjects/fractals/Fractals-start
Using Asset Import Pipeline V2.
Refreshing native plugins compatible for Editor in 30.29 ms, found 0 plugins.
Preloading 0 native plugins for Editor in 0.00 ms.
Initialize engine version: 2020.3.0f1 (c7b5465681fb)
[Subsystems] Discovering subsystems at path D:/Engines/Unity/Editors/2020.3.0f1/Editor/Data/Resources/UnitySubsystems
[Subsystems] Discovering subsystems at path D:/GameProjects/fractals/Fractals-start/Assets
GfxDevice: creating device client; threaded=0
Direct3D:
    Version:  Direct3D 11.0 [level 11.1]
    Renderer: NVIDIA GeForce GTX 1060 6GB (ID=0x1c03)
    Vendor:   
    VRAM:     6052 MB
    Driver:   27.21.14.6627
Initialize mono
Mono path[0] = 'D:/Engines/Unity/Editors/2020.3.0f1/Editor/Data/Managed'
Mono path[1] = 'D:/Engines/Unity/Editors/2020.3.0f1/Editor/Data/MonoBleedingEdge/lib/mono/unityjit'
Mono config path = 'D:/Engines/Unity/Editors/2020.3.0f1/Editor/Data/MonoBleedingEdge/etc'
Using monoOptions --debugger-agent=transport=dt_socket,embedding=1,server=y,suspend=n,address=127.0.0.1:56800
Begin MonoManager ReloadAssembly
Registering precompiled unity dll's ...
Register platform support module: D:/Engines/Unity/Editors/2020.3.0f1/Editor/Data/PlaybackEngines/WebGLSupport/UnityEditor.WebGL.Extensions.dll
Register platform support module: D:/Engines/Unity/Editors/2020.3.0f1/Editor/Data/PlaybackEngines/MacStandaloneSupport/UnityEditor.OSXStandalone.Extensions.dll
Register platform support module: D:/Engines/Unity/Editors/2020.3.0f1/Editor/Data/PlaybackEngines/WindowsStandaloneSupport/UnityEditor.WindowsStandalone.Extensions.dll
Register platform support module: D:/Engines/Unity/Editors/2020.3.0f1/Editor/Data/PlaybackEngines/LinuxStandaloneSupport/UnityEditor.LinuxStandalone.Extensions.dll
Registered in 0.004721 seconds.
Native extension for LinuxStandalone target not found
Native extension for WindowsStandalone target not found
Native extension for OSXStandalone target not found
Native extension for WebGL target not found
Refreshing native plugins compatible for Editor in 29.32 ms, found 0 plugins.
Preloading 0 native plugins for Editor in 0.00 ms.
Invoked RoslynAnalysisRunner static constructor.
RoslynAnalysisRunner will not be running.
RoslynAnalysisRunner has terminated.
Mono: successfully reloaded assembly
- Completed reload, in  2.202 seconds
Platform modules already initialized, skipping
Registering precompiled user dll's ...
Registered in 0.001133 seconds.
Begin MonoManager ReloadAssembly
Native extension for LinuxStandalone target not found
Native extension for WindowsStandalone target not found
Native extension for OSXStandalone target not found
Native extension for WebGL target not found
Refreshing native plugins compatible for Editor in 0.28 ms, found 0 plugins.
Preloading 0 native plugins for Editor in 0.00 ms.
Invoked RoslynAnalysisRunner static constructor.
RoslynAnalysisRunner will not be running.
RoslynAnalysisRunner has terminated.
Mono: successfully reloaded assembly
- Completed reload, in  1.091 seconds
Platform modules already initialized, skipping
========================================================================
Worker process is ready to serve import requests
Launched and connected shader compiler UnityShaderCompiler.exe after 0.08 seconds
Refreshing native plugins compatible for Editor in 0.26 ms, found 0 plugins.
Preloading 0 native plugins for Editor in 0.00 ms.
Unloading 1115 Unused Serialized files (Serialized files now loaded: 0)
System memory in use before: 57.0 MB.
System memory in use after: 57.0 MB.

Unloading 10 unused Assets to reduce memory usage. Loaded Objects now: 1557.
Total: 2.266300 ms (FindLiveObjects: 0.286100 ms CreateObjectMapping: 0.052700 ms MarkObjects: 1.830200 ms  DeleteObjects: 0.095700 ms)

========================================================================
Received Import Request.
  path: Assets/Models/Triangle.fbx
  artifactKey: Guid(cf205af047e27244f886f6d95f33d4e9) Importer(815301076,1909f56bfc062723c751e8b465ee728b)
Start importing Assets/Models/Triangle.fbx using Guid(cf205af047e27244f886f6d95f33d4e9) Importer(815301076,1909f56bfc062723c751e8b465ee728b)  -> (artifact id: 'd20cd571f169615ace3a43514bd384a3') in 0.280541 seconds
  Import took 0.294853 seconds .

========================================================================
Received Import Request.
  Time since last request: 3.377403 seconds.
  path: Assets/Materials/Fractal.mat
  artifactKey: Guid(3acaa6be0f766ec43bb52450bb4b255a) Importer(815301076,1909f56bfc062723c751e8b465ee728b)
Start importing Assets/Materials/Fractal.mat using Guid(3acaa6be0f766ec43bb52450bb4b255a) Importer(815301076,1909f56bfc062723c751e8b465ee728b)  -> (artifact id: 'd02edf90e089eaebde5c9290e46561b9') in 0.034180 seconds
  Import took 0.055417 seconds .

========================================================================
Received Import Request.
  Time since last request: 5.999108 seconds.
  path: Assets/Materials
  artifactKey: Guid(d0234ba368eeec9418390da711bfdad0) Importer(815301076,1909f56bfc062723c751e8b465ee728b)
Start importing Assets/Materials using Guid(d0234ba368eeec9418390da711bfdad0) Importer(815301076,1909f56bfc062723c751e8b465ee728b)  -> (artifact id: 'af3059645bf3517e3864836cb7870e83') in 0.003584 seconds
  Import took 0.006390 seconds .

AssetImportWorkerClient::OnTransportError - code=2 error=End of file
